<?xml version="1.0" encoding="UTF-8"?>
<!-- Generated by org.testng.reporters.JUnitReportReporter -->
<testsuite hostname="ITS-AJJU1" failures="0" tests="1" name="com.TestLayer.GetTransactionData" time="21.158" errors="0" timestamp="2022-11-26T13:04:46 IST" skipped="0">
  <testcase classname="com.TestLayer.GetTransactionData" name="fetchTransaction" time="21.158"/>
  <system-out/>
</testsuite> <!-- com.TestLayer.GetTransactionData -->
