<?xml version="1.0" encoding="UTF-8"?>
<!-- Generated by org.testng.reporters.JUnitReportReporter -->
<testsuite hostname="ITS-AJJU1" failures="0" tests="1" name="com.TestLayer.LogoutTest" time="32.218" errors="0" timestamp="2022-11-23T17:48:59 IST" skipped="0">
  <testcase classname="com.TestLayer.LogoutTest" name="logoutTest" time="32.218"/>
  <system-out/>
</testsuite> <!-- com.TestLayer.LogoutTest -->
