<?xml version="1.0" encoding="UTF-8"?>
<!-- Generated by org.testng.reporters.JUnitReportReporter -->
<testsuite hostname="ITS-AJJU1" failures="0" tests="1" name="com.TestLayer.GetTransactionData" time="22.874" errors="0" timestamp="2022-11-19T20:21:32 IST" skipped="0">
  <testcase classname="com.TestLayer.GetTransactionData" name="fetchTransaction" time="22.874"/>
  <system-out/>
</testsuite> <!-- com.TestLayer.GetTransactionData -->
