<?xml version="1.0" encoding="UTF-8"?>
<!-- Generated by org.testng.reporters.JUnitReportReporter -->
<testsuite hostname="ITS-AJJU1" failures="0" tests="1" name="com.TestLayer.LogoutTest" time="28.573" errors="0" timestamp="2022-11-19T18:14:52 IST" skipped="0">
  <testcase classname="com.TestLayer.LogoutTest" name="logoutTest" time="28.573"/>
  <system-out/>
</testsuite> <!-- com.TestLayer.LogoutTest -->
