<?xml version="1.0" encoding="UTF-8"?>
<!-- Generated by org.testng.reporters.JUnitReportReporter -->
<testsuite hostname="ITS-AJJU1" failures="0" tests="2" name="com.TestBase.TestBase" time="31.380" errors="0" timestamp="2022-11-19T11:37:33 IST" skipped="0">
  <testcase classname="com.TestBase.TestBase" name="setup" time="31.379"/>
  <system-out/>
  <testcase classname="com.TestBase.TestBase" name="tearDown" time="0.001"/>
  <system-out/>
</testsuite> <!-- com.TestBase.TestBase -->
