<?xml version="1.0" encoding="UTF-8"?>
<!-- Generated by org.testng.reporters.JUnitReportReporter -->
<testsuite hostname="DESKTOP-V2LKUFM" failures="0" tests="1" name="com.testBase.TestBase" time="8.509" errors="0" timestamp="2022-11-02T08:21:22 IST" skipped="0">
  <testcase classname="com.testBase.TestBase" name="setUp" time="8.509"/>
  <system-out/>
</testsuite> <!-- com.testBase.TestBase -->
