<?xml version="1.0" encoding="UTF-8"?>
<!-- Generated by org.testng.reporters.JUnitReportReporter -->
<testsuite hostname="ITS-AJJU1" failures="0" tests="1" name="com.TestLayer.LoginTest" time="29.803" errors="0" timestamp="2022-11-09T22:35:09 IST" skipped="0">
  <testcase classname="com.TestLayer.LoginTest" name="loginTest" time="29.803"/>
  <system-out/>
</testsuite> <!-- com.TestLayer.LoginTest -->
