<?xml version="1.0" encoding="UTF-8"?>
<!-- Generated by org.testng.reporters.JUnitReportReporter -->
<testsuite hostname="ITS-AJJU1" failures="0" tests="1" name="com.testLayer.LoginPageTest" time="0.000" errors="0" timestamp="2023-02-17T22:20:32 IST" skipped="1">
  <testcase classname="com.testLayer.LoginPageTest" name="loginTest" time="0.000">
    <skipped/>
  </testcase> <!-- loginTest -->
  <system-out/>
</testsuite> <!-- com.testLayer.LoginPageTest -->
